[2019-01-09 09:17:03] [WARN]  [restartedMain] [org.springframework.boot.autoconfigure.orm.jpa.JpaBaseConfiguration$JpaWebConfiguration$JpaWebMvcConfiguration.openEntityManagerInViewInterceptor:234] : 
		=>>> spring.jpa.open-in-view is enabled by default. Therefore, database queries may be performed during view rendering. Explicitly configure spring.jpa.open-in-view to disable this warning
[2019-01-09 09:47:41] [WARN]  [restartedMain] [org.springframework.boot.autoconfigure.orm.jpa.JpaBaseConfiguration$JpaWebConfiguration$JpaWebMvcConfiguration.openEntityManagerInViewInterceptor:234] : 
		=>>> spring.jpa.open-in-view is enabled by default. Therefore, database queries may be performed during view rendering. Explicitly configure spring.jpa.open-in-view to disable this warning
[2019-01-09 10:23:17] [WARN]  [http-nio-8008-exec-10] [org.springframework.web.servlet.mvc.support.DefaultHandlerExceptionResolver.logException:194] : 
		=>>> Resolved [org.springframework.web.bind.MissingServletRequestParameterException: Required String parameter 'fileName' is not present]
[2019-01-09 10:23:55] [WARN]  [http-nio-8008-exec-2] [org.springframework.web.servlet.mvc.support.DefaultHandlerExceptionResolver.logException:194] : 
		=>>> Resolved [org.springframework.web.bind.MissingServletRequestParameterException: Required String parameter 'fileName' is not present]
[2019-01-09 10:23:56] [WARN]  [http-nio-8008-exec-1] [org.springframework.web.servlet.mvc.support.DefaultHandlerExceptionResolver.logException:194] : 
		=>>> Resolved [org.springframework.web.bind.MissingServletRequestParameterException: Required String parameter 'fileName' is not present]
[2019-01-09 10:24:36] [WARN]  [restartedMain] [org.springframework.boot.autoconfigure.orm.jpa.JpaBaseConfiguration$JpaWebConfiguration$JpaWebMvcConfiguration.openEntityManagerInViewInterceptor:234] : 
		=>>> spring.jpa.open-in-view is enabled by default. Therefore, database queries may be performed during view rendering. Explicitly configure spring.jpa.open-in-view to disable this warning
[2019-01-09 10:28:09] [WARN]  [http-nio-8008-exec-6] [org.springframework.web.servlet.mvc.support.DefaultHandlerExceptionResolver.logException:194] : 
		=>>> Resolved [org.springframework.web.bind.MissingServletRequestParameterException: Required String parameter 'fileName' is not present]
[2019-01-09 10:28:57] [WARN]  [http-nio-8008-exec-5] [org.springframework.web.servlet.mvc.support.DefaultHandlerExceptionResolver.logException:194] : 
		=>>> Resolved [org.springframework.web.bind.MissingServletRequestParameterException: Required String parameter 'fileName' is not present]
[2019-01-09 10:29:43] [WARN]  [http-nio-8008-exec-7] [org.springframework.web.servlet.mvc.support.DefaultHandlerExceptionResolver.logException:194] : 
		=>>> Resolved [org.springframework.web.bind.MissingServletRequestParameterException: Required String parameter 'fileName' is not present]
[2019-01-09 10:33:35] [WARN]  [http-nio-8008-exec-4] [org.springframework.web.servlet.mvc.support.DefaultHandlerExceptionResolver.logException:194] : 
		=>>> Resolved [org.springframework.web.multipart.support.MissingServletRequestPartException: Required request part 'file' is not present]
[2019-01-09 10:33:42] [WARN]  [http-nio-8008-exec-6] [org.springframework.web.servlet.mvc.support.DefaultHandlerExceptionResolver.logException:194] : 
		=>>> Resolved [org.springframework.web.multipart.support.MissingServletRequestPartException: Required request part 'file' is not present]
[2019-01-09 10:33:44] [WARN]  [http-nio-8008-exec-5] [org.springframework.web.servlet.mvc.support.DefaultHandlerExceptionResolver.logException:194] : 
		=>>> Resolved [org.springframework.web.multipart.support.MissingServletRequestPartException: Required request part 'file' is not present]
[2019-01-09 11:10:39] [WARN]  [restartedMain] [org.springframework.boot.autoconfigure.orm.jpa.JpaBaseConfiguration$JpaWebConfiguration$JpaWebMvcConfiguration.openEntityManagerInViewInterceptor:234] : 
		=>>> spring.jpa.open-in-view is enabled by default. Therefore, database queries may be performed during view rendering. Explicitly configure spring.jpa.open-in-view to disable this warning
