[2018-12-18 08:59:01] [INFO]  [restartedMain] [cn.hnen.transmedia.TransmediaApplication.logStarting:50 ] : 
		=>>> Starting TransmediaApplication on SC-201807251626 with PID 6376 (F:\TransData\TransMediaTest\target\classes started by Administrator in F:\TransData\TransMediaTest)
[2018-12-18 08:59:01] [EBUG]  [restartedMain] [cn.hnen.transmedia.TransmediaApplication.logStarting:53 ] : 
		=>>> Running with Spring Boot v2.1.1.RELEASE, Spring v5.1.3.RELEASE
[2018-12-18 08:59:01] [INFO]  [restartedMain] [cn.hnen.transmedia.TransmediaApplication.logStartupProfileInfo:675] : 
		=>>> No active profile set, falling back to default profiles: default
[2018-12-18 08:59:13] [INFO]  [restartedMain] [cn.hnen.transmedia.TransmediaApplication.logStarted:59 ] : 
		=>>> Started TransmediaApplication in 12.042 seconds (JVM running for 13.862)
[2018-12-18 09:14:19] [INFO]  [restartedMain] [cn.hnen.transmedia.TransmediaApplication.logStarting:50 ] : 
		=>>> Starting TransmediaApplication on SC-201807251626 with PID 7900 (F:\TransData\TransMediaTest\target\classes started by Administrator in F:\TransData\TransMediaTest)
[2018-12-18 09:14:19] [EBUG]  [restartedMain] [cn.hnen.transmedia.TransmediaApplication.logStarting:53 ] : 
		=>>> Running with Spring Boot v2.1.1.RELEASE, Spring v5.1.3.RELEASE
[2018-12-18 09:14:19] [INFO]  [restartedMain] [cn.hnen.transmedia.TransmediaApplication.logStartupProfileInfo:675] : 
		=>>> No active profile set, falling back to default profiles: default
[2018-12-18 09:14:30] [INFO]  [restartedMain] [cn.hnen.transmedia.TransmediaApplication.logStarted:59 ] : 
		=>>> Started TransmediaApplication in 11.489 seconds (JVM running for 13.465)
[2018-12-18 09:15:16] [INFO]  [restartedMain] [cn.hnen.transmedia.TransmediaApplication.logStarting:50 ] : 
		=>>> Starting TransmediaApplication on SC-201807251626 with PID 3100 (F:\TransData\TransMediaTest\target\classes started by Administrator in F:\TransData\TransMediaTest)
[2018-12-18 09:15:16] [EBUG]  [restartedMain] [cn.hnen.transmedia.TransmediaApplication.logStarting:53 ] : 
		=>>> Running with Spring Boot v2.1.1.RELEASE, Spring v5.1.3.RELEASE
[2018-12-18 09:15:16] [INFO]  [restartedMain] [cn.hnen.transmedia.TransmediaApplication.logStartupProfileInfo:675] : 
		=>>> No active profile set, falling back to default profiles: default
[2018-12-18 09:15:27] [INFO]  [restartedMain] [cn.hnen.transmedia.TransmediaApplication.logStarted:59 ] : 
		=>>> Started TransmediaApplication in 11.446 seconds (JVM running for 13.522)
[2018-12-18 09:16:34] [INFO]  [restartedMain] [cn.hnen.transmedia.TransmediaApplication.logStarting:50 ] : 
		=>>> Starting TransmediaApplication on SC-201807251626 with PID 10432 (F:\TransData\TransMediaTest\target\classes started by Administrator in F:\TransData\TransMediaTest)
[2018-12-18 09:16:34] [EBUG]  [restartedMain] [cn.hnen.transmedia.TransmediaApplication.logStarting:53 ] : 
		=>>> Running with Spring Boot v2.1.1.RELEASE, Spring v5.1.3.RELEASE
[2018-12-18 09:16:34] [INFO]  [restartedMain] [cn.hnen.transmedia.TransmediaApplication.logStartupProfileInfo:675] : 
		=>>> No active profile set, falling back to default profiles: default
[2018-12-18 09:16:45] [INFO]  [restartedMain] [cn.hnen.transmedia.TransmediaApplication.logStarted:59 ] : 
		=>>> Started TransmediaApplication in 11.378 seconds (JVM running for 13.083)
[2018-12-18 09:31:09] [INFO]  [restartedMain] [cn.hnen.transmedia.TransmediaApplication.logStarting:50 ] : 
		=>>> Starting TransmediaApplication on SC-201807251626 with PID 3516 (F:\TransData\TransMediaTest\target\classes started by Administrator in F:\TransData\TransMediaTest)
[2018-12-18 09:31:09] [EBUG]  [restartedMain] [cn.hnen.transmedia.TransmediaApplication.logStarting:53 ] : 
		=>>> Running with Spring Boot v2.1.1.RELEASE, Spring v5.1.3.RELEASE
[2018-12-18 09:31:09] [INFO]  [restartedMain] [cn.hnen.transmedia.TransmediaApplication.logStartupProfileInfo:675] : 
		=>>> No active profile set, falling back to default profiles: default
[2018-12-18 09:31:19] [INFO]  [restartedMain] [cn.hnen.transmedia.TransmediaApplication.logStarted:59 ] : 
		=>>> Started TransmediaApplication in 11.18 seconds (JVM running for 13.075)
[2018-12-18 09:34:31] [INFO]  [restartedMain] [cn.hnen.transmedia.TransmediaApplication.logStarting:50 ] : 
		=>>> Starting TransmediaApplication on SC-201807251626 with PID 1664 (F:\TransData\TransMediaTest\target\classes started by Administrator in F:\TransData\TransMediaTest)
[2018-12-18 09:34:31] [EBUG]  [restartedMain] [cn.hnen.transmedia.TransmediaApplication.logStarting:53 ] : 
		=>>> Running with Spring Boot v2.1.1.RELEASE, Spring v5.1.3.RELEASE
[2018-12-18 09:34:31] [INFO]  [restartedMain] [cn.hnen.transmedia.TransmediaApplication.logStartupProfileInfo:675] : 
		=>>> No active profile set, falling back to default profiles: default
[2018-12-18 09:34:42] [INFO]  [restartedMain] [cn.hnen.transmedia.TransmediaApplication.logStarted:59 ] : 
		=>>> Started TransmediaApplication in 11.444 seconds (JVM running for 13.238)
[2018-12-18 09:39:23] [INFO]  [restartedMain] [cn.hnen.transmedia.TransmediaApplication.logStarting:50 ] : 
		=>>> Starting TransmediaApplication on SC-201807251626 with PID 14740 (F:\TransData\TransMediaTest\target\classes started by Administrator in F:\TransData\TransMediaTest)
[2018-12-18 09:39:23] [EBUG]  [restartedMain] [cn.hnen.transmedia.TransmediaApplication.logStarting:53 ] : 
		=>>> Running with Spring Boot v2.1.1.RELEASE, Spring v5.1.3.RELEASE
[2018-12-18 09:39:23] [INFO]  [restartedMain] [cn.hnen.transmedia.TransmediaApplication.logStartupProfileInfo:675] : 
		=>>> No active profile set, falling back to default profiles: default
[2018-12-18 09:39:33] [INFO]  [restartedMain] [cn.hnen.transmedia.TransmediaApplication.logStarted:59 ] : 
		=>>> Started TransmediaApplication in 11.153 seconds (JVM running for 12.923)
[2018-12-18 10:01:23] [INFO]  [restartedMain] [cn.hnen.transmedia.TransmediaApplication.logStarting:50 ] : 
		=>>> Starting TransmediaApplication on SC-201807251626 with PID 12880 (F:\TransData\TransMediaTest\target\classes started by Administrator in F:\TransData\TransMediaTest)
[2018-12-18 10:01:23] [EBUG]  [restartedMain] [cn.hnen.transmedia.TransmediaApplication.logStarting:53 ] : 
		=>>> Running with Spring Boot v2.1.1.RELEASE, Spring v5.1.3.RELEASE
[2018-12-18 10:01:23] [INFO]  [restartedMain] [cn.hnen.transmedia.TransmediaApplication.logStartupProfileInfo:675] : 
		=>>> No active profile set, falling back to default profiles: default
[2018-12-18 10:01:34] [INFO]  [restartedMain] [cn.hnen.transmedia.TransmediaApplication.logStarted:59 ] : 
		=>>> Started TransmediaApplication in 11.505 seconds (JVM running for 13.208)
[2018-12-18 10:02:31] [INFO]  [restartedMain] [cn.hnen.transmedia.TransmediaApplication.logStarting:50 ] : 
		=>>> Starting TransmediaApplication on SC-201807251626 with PID 15252 (F:\TransData\TransMediaTest\target\classes started by Administrator in F:\TransData\TransMediaTest)
[2018-12-18 10:02:32] [EBUG]  [restartedMain] [cn.hnen.transmedia.TransmediaApplication.logStarting:53 ] : 
		=>>> Running with Spring Boot v2.1.1.RELEASE, Spring v5.1.3.RELEASE
[2018-12-18 10:02:32] [INFO]  [restartedMain] [cn.hnen.transmedia.TransmediaApplication.logStartupProfileInfo:675] : 
		=>>> No active profile set, falling back to default profiles: default
[2018-12-18 10:02:42] [INFO]  [restartedMain] [cn.hnen.transmedia.TransmediaApplication.logStarted:59 ] : 
		=>>> Started TransmediaApplication in 11.2 seconds (JVM running for 13.068)
