[2019-01-11 09:54:38] [INFO]  [restartedMain] [cn.hnen.transmedia.TransmediaApplication.logStarting:50 ] : 
		=>>> Starting TransmediaApplication on SC-201807251626 with PID 10340 (F:\TransData\TransMediaNew\target\classes started by Administrator in F:\TransData\TransMediaNew)
[2019-01-11 09:54:38] [EBUG]  [restartedMain] [cn.hnen.transmedia.TransmediaApplication.logStarting:53 ] : 
		=>>> Running with Spring Boot v2.1.1.RELEASE, Spring v5.1.3.RELEASE
[2019-01-11 09:54:38] [INFO]  [restartedMain] [cn.hnen.transmedia.TransmediaApplication.logStartupProfileInfo:675] : 
		=>>> No active profile set, falling back to default profiles: default
[2019-01-11 09:54:55] [INFO]  [restartedMain] [cn.hnen.transmedia.TransmediaApplication.logStarted:59 ] : 
		=>>> Started TransmediaApplication in 18.106 seconds (JVM running for 21.883)
[2019-01-11 09:57:18] [INFO]  [http-nio-8008-exec-1] [cn.hnen.transmedia.service.MediaReplaceService.uploadMedia:52 ] : 
		=>>> 替换上传 开始: a.jpg
[2019-01-11 09:57:18] [INFO]  [http-nio-8008-exec-1] [cn.hnen.transmedia.service.MediaReplaceService.uploadMedia:57 ] : 
		=>>> 文件位置:d:\advertfiles2\a.jpg
[2019-01-11 09:57:18] [INFO]  [http-nio-8008-exec-1] [cn.hnen.transmedia.service.MediaReplaceService.uploadMedia:61 ] : 
		=>>> 替换上传 文件已存在,文件名：a.jpg
[2019-01-11 09:57:18] [INFO]  [http-nio-8008-exec-1] [cn.hnen.transmedia.service.MediaReplaceService.replaceMediaReport:134] : 
		=>>> 替换分发  结果汇报返回：>>>>ResponseModel(code=1, name=EXISTED, message=文件已存在, detail=null, data=a.jpg)
[2019-01-11 09:57:18] [INFO]  [http-nio-8008-exec-1] [cn.hnen.transmedia.service.MediaReplaceService.uploadMediaReport:122] : 
		=>>> >>>>>>>>> uploadMediaReport >>>>>>>>>>ResponseModel(code=1, name=EXISTED, message=文件已存在, detail=null, data=a.jpg)
[2019-01-11 09:57:55] [INFO]  [http-nio-8008-exec-2] [cn.hnen.transmedia.service.MediaReplaceService.uploadMedia:52 ] : 
		=>>> 替换上传 开始: a.jpg
[2019-01-11 09:57:55] [INFO]  [http-nio-8008-exec-2] [cn.hnen.transmedia.service.MediaReplaceService.uploadMedia:57 ] : 
		=>>> 文件位置:d:\advertfiles2\a.jpg
[2019-01-11 09:57:55] [INFO]  [http-nio-8008-exec-2] [cn.hnen.transmedia.service.MediaReplaceService.uploadMedia:81 ] : 
		=>>> 替换上传 完成  文件名称: a.jpg,文件大小:94K,耗时 6毫秒
[2019-01-11 09:57:55] [INFO]  [http-nio-8008-exec-2] [cn.hnen.transmedia.service.MediaReplaceService.replaceMediaReport:134] : 
		=>>> 替换分发  结果汇报返回：>>>>ResponseModel(code=2, name=SUCCESS, message=成功, detail=null, data=a.jpg)
[2019-01-11 09:57:55] [INFO]  [http-nio-8008-exec-2] [cn.hnen.transmedia.service.MediaReplaceService.uploadMediaReport:122] : 
		=>>> >>>>>>>>> uploadMediaReport >>>>>>>>>>ResponseModel(code=2, name=SUCCESS, message=成功, detail=null, data=a.jpg)
[2019-01-11 09:58:09] [INFO]  [http-nio-8008-exec-5] [cn.hnen.transmedia.service.MediaReplaceService.uploadMedia:52 ] : 
		=>>> 替换上传 开始: a.jpg
[2019-01-11 09:58:09] [INFO]  [http-nio-8008-exec-5] [cn.hnen.transmedia.service.MediaReplaceService.uploadMedia:57 ] : 
		=>>> 文件位置:d:\advertfiles2\a.jpg
[2019-01-11 09:58:09] [INFO]  [http-nio-8008-exec-5] [cn.hnen.transmedia.service.MediaReplaceService.uploadMedia:61 ] : 
		=>>> 替换上传 文件已存在,文件名：a.jpg
[2019-01-11 09:58:09] [INFO]  [http-nio-8008-exec-5] [cn.hnen.transmedia.service.MediaReplaceService.replaceMediaReport:134] : 
		=>>> 替换分发  结果汇报返回：>>>>ResponseModel(code=1, name=EXISTED, message=文件已存在, detail=null, data=a.jpg)
[2019-01-11 09:58:09] [INFO]  [http-nio-8008-exec-5] [cn.hnen.transmedia.service.MediaReplaceService.uploadMediaReport:122] : 
		=>>> >>>>>>>>> uploadMediaReport >>>>>>>>>>ResponseModel(code=1, name=EXISTED, message=文件已存在, detail=null, data=a.jpg)
[2019-01-11 09:58:09] [INFO]  [http-nio-8008-exec-4] [cn.hnen.transmedia.service.MediaReplaceService.uploadMedia:52 ] : 
		=>>> 替换上传 开始: b.jpg
[2019-01-11 09:58:09] [INFO]  [http-nio-8008-exec-4] [cn.hnen.transmedia.service.MediaReplaceService.uploadMedia:57 ] : 
		=>>> 文件位置:d:\advertfiles2\b.jpg
[2019-01-11 09:58:09] [INFO]  [http-nio-8008-exec-4] [cn.hnen.transmedia.service.MediaReplaceService.uploadMedia:81 ] : 
		=>>> 替换上传 完成  文件名称: b.jpg,文件大小:159K,耗时 5毫秒
[2019-01-11 09:58:09] [INFO]  [http-nio-8008-exec-4] [cn.hnen.transmedia.service.MediaReplaceService.replaceMediaReport:134] : 
		=>>> 替换分发  结果汇报返回：>>>>ResponseModel(code=2, name=SUCCESS, message=成功, detail=null, data=b.jpg)
[2019-01-11 09:58:09] [INFO]  [http-nio-8008-exec-4] [cn.hnen.transmedia.service.MediaReplaceService.uploadMediaReport:122] : 
		=>>> >>>>>>>>> uploadMediaReport >>>>>>>>>>ResponseModel(code=2, name=SUCCESS, message=成功, detail=null, data=b.jpg)
